BlockyCraft
to
site
content
Welcome
and
for
Comments
July
the
WordPress
wrap
entry
by
are
Feed
header
server
stuff
of
branding
Search
Recent
RSS
Really
Simple
Syndication
Under
Construction
if
IE
Posts
Log
org
page
Powered
everyone
The
still
under
construction
so
don
expect
too
much
right
now
We
currently
developing
wiki
system
core
plugin
track
player
stats
Lots
great
planned
future
in
http
lt
Skip
text
custom
masthead
Posted
on
meta
post
main
primary
Archives
Categories
Uncategorized
Meta
Entries
secondary
Proudly
powered
info
colophon
contain
RSD
state
art
semantic
personal
publishing
platform
Notch
email
Email
address
will
respond
or
index
php
welcome
blockycraft
Leave
Reply
Cancel
reply
Your
not
be
published
Required
fields
marked
Comment
Name
Website
comments
Username
Address
Password
Lost
your
password
Back
Jul
hourly
https
wordpress
Scroll
down
Month
In
Remember
Me
Mon
en
US
Sun
feed
Wed
Sep
Author
Please
enter
username
You
receive
link
create
new
via
